# JRE version: Java(TM) SE Runtime Environment (8.0_211-b12) (build 1.8.0_211-b12)
# Java VM: Java HotSpot(TM) 64-Bit Server VM (25.211-b12 mixed mode windows-amd64 compressed oops)
Heap:
 PSYoungGen      total 171520K, used 44919K [0x00000000d5f80000, 0x00000000e4300000, 0x0000000100000000)
  eden space 157184K, 19% used [0x00000000d5f80000,0x00000000d7e0aa38,0x00000000df900000)
  from space 14336K, 95% used [0x00000000df900000,0x00000000e0653430,0x00000000e0700000)
  to   space 16384K, 0% used [0x00000000e3300000,0x00000000e3300000,0x00000000e4300000)
 ParOldGen       total 92672K, used 17307K [0x0000000081e00000, 0x0000000087880000, 0x00000000d5f80000)
  object space 92672K, 18% used [0x0000000081e00000,0x0000000082ee6f28,0x0000000087880000)
 Metaspace       used 47465K, capacity 49560K, committed 49792K, reserved 1091584K
  class space    used 6415K, capacity 6775K, committed 6784K, reserved 1048576K
GC Heap History (10 events):
Event: 1.542 GC heap before
{Heap before GC invocations=7 (full 1):
 PSYoungGen      total 71680K, used 66560K [0x00000000d5f80000, 0x00000000df480000, 0x0000000100000000)
  eden space 66560K, 100% used [0x00000000d5f80000,0x00000000da080000,0x00000000da080000)
  from space 5120K, 0% used [0x00000000da080000,0x00000000da080000,0x00000000da580000)
  to   space 9728K, 0% used [0x00000000deb00000,0x00000000deb00000,0x00000000df480000)
 ParOldGen       total 58880K, used 7331K [0x0000000081e00000, 0x0000000085780000, 0x00000000d5f80000)
  object space 58880K, 12% used [0x0000000081e00000,0x0000000082528d58,0x0000000085780000)
 Metaspace       used 23717K, capacity 24430K, committed 24576K, reserved 1071104K
  class space    used 3063K, capacity 3260K, committed 3328K, reserved 1048576K
Event: 1.550 GC heap after
Heap after GC invocations=7 (full 1):
 PSYoungGen      total 107520K, used 3391K [0x00000000d5f80000, 0x00000000dee80000, 0x0000000100000000)
  eden space 103936K, 0% used [0x00000000d5f80000,0x00000000d5f80000,0x00000000dc500000)
  from space 3584K, 94% used [0x00000000deb00000,0x00000000dee4fda8,0x00000000dee80000)
  to   space 9728K, 0% used [0x00000000ddb80000,0x00000000ddb80000,0x00000000de500000)
 ParOldGen       total 58880K, used 7403K [0x0000000081e00000, 0x0000000085780000, 0x00000000d5f80000)
  object space 58880K, 12% used [0x0000000081e00000,0x000000008253ad68,0x0000000085780000)
 Metaspace       used 23717K, capacity 24430K, committed 24576K, reserved 1071104K
  class space    used 3063K, capacity 3260K, committed 3328K, reserved 1048576K
}
Event: 2.689 GC heap before
{Heap before GC invocations=8 (full 1):
 PSYoungGen      total 107520K, used 107327K [0x00000000d5f80000, 0x00000000dee80000, 0x0000000100000000)
  eden space 103936K, 100% used [0x00000000d5f80000,0x00000000dc500000,0x00000000dc500000)
  from space 3584K, 94% used [0x00000000deb00000,0x00000000dee4fda8,0x00000000dee80000)
  to   space 9728K, 0% used [0x00000000ddb80000,0x00000000ddb80000,0x00000000de500000)
 ParOldGen       total 58880K, used 7403K [0x0000000081e00000, 0x0000000085780000, 0x00000000d5f80000)
  object space 58880K, 12% used [0x0000000081e00000,0x000000008253ad68,0x0000000085780000)
 Metaspace       used 28270K, capacity 29442K, committed 29568K, reserved 1075200K
  class space    used 3720K, capacity 3959K, committed 3968K, reserved 1048576K
Event: 2.706 GC heap after
Heap after GC invocations=8 (full 1):
 PSYoungGen      total 136704K, used 9721K [0x00000000d5f80000, 0x00000000e1300000, 0x0000000100000000)
  eden space 126976K, 0% used [0x00000000d5f80000,0x00000000d5f80000,0x00000000ddb80000)
  from space 9728K, 99% used [0x00000000ddb80000,0x00000000de4fe7a0,0x00000000de500000)
  to   space 12288K, 0% used [0x00000000e0700000,0x00000000e0700000,0x00000000e1300000)
 ParOldGen       total 58880K, used 8798K [0x0000000081e00000, 0x0000000085780000, 0x00000000d5f80000)
  object space 58880K, 14% used [0x0000000081e00000,0x0000000082697a68,0x0000000085780000)
 Metaspace       used 28270K, capacity 29442K, committed 29568K, reserved 1075200K
  class space    used 3720K, capacity 3959K, committed 3968K, reserved 1048576K
}
Event: 4.235 GC heap before
{Heap before GC invocations=9 (full 1):
 PSYoungGen      total 136704K, used 112827K [0x00000000d5f80000, 0x00000000e1300000, 0x0000000100000000)
  eden space 126976K, 81% used [0x00000000d5f80000,0x00000000dc4307f0,0x00000000ddb80000)
  from space 9728K, 99% used [0x00000000ddb80000,0x00000000de4fe7a0,0x00000000de500000)
  to   space 12288K, 0% used [0x00000000e0700000,0x00000000e0700000,0x00000000e1300000)
 ParOldGen       total 58880K, used 8798K [0x0000000081e00000, 0x0000000085780000, 0x00000000d5f80000)
  object space 58880K, 14% used [0x0000000081e00000,0x0000000082697a68,0x0000000085780000)
 Metaspace       used 33680K, capacity 35356K, committed 35456K, reserved 1079296K
  class space    used 4399K, capacity 4709K, committed 4736K, reserved 1048576K
Event: 4.246 GC heap after
Heap after GC invocations=9 (full 1):
 PSYoungGen      total 169472K, used 12284K [0x00000000d5f80000, 0x00000000e3380000, 0x0000000100000000)
  eden space 157184K, 0% used [0x00000000d5f80000,0x00000000d5f80000,0x00000000df900000)
  from space 12288K, 99% used [0x00000000e0700000,0x00000000e12ff018,0x00000000e1300000)
  to   space 14336K, 0% used [0x00000000df900000,0x00000000df900000,0x00000000e0700000)
 ParOldGen       total 58880K, used 9669K [0x0000000081e00000, 0x0000000085780000, 0x00000000d5f80000)
  object space 58880K, 16% used [0x0000000081e00000,0x0000000082771530,0x0000000085780000)
 Metaspace       used 33680K, capacity 35356K, committed 35456K, reserved 1079296K
  class space    used 4399K, capacity 4709K, committed 4736K, reserved 1048576K
}
Event: 4.246 GC heap before
{Heap before GC invocations=10 (full 2):
 PSYoungGen      total 169472K, used 12284K [0x00000000d5f80000, 0x00000000e3380000, 0x0000000100000000)
  eden space 157184K, 0% used [0x00000000d5f80000,0x00000000d5f80000,0x00000000df900000)
  from space 12288K, 99% used [0x00000000e0700000,0x00000000e12ff018,0x00000000e1300000)
  to   space 14336K, 0% used [0x00000000df900000,0x00000000df900000,0x00000000e0700000)
 ParOldGen       total 58880K, used 9669K [0x0000000081e00000, 0x0000000085780000, 0x00000000d5f80000)
  object space 58880K, 16% used [0x0000000081e00000,0x0000000082771530,0x0000000085780000)
 Metaspace       used 33680K, capacity 35356K, committed 35456K, reserved 1079296K
  class space    used 4399K, capacity 4709K, committed 4736K, reserved 1048576K
Event: 4.300 GC heap after
Heap after GC invocations=10 (full 2):
 PSYoungGen      total 169472K, used 0K [0x00000000d5f80000, 0x00000000e3380000, 0x0000000100000000)
  eden space 157184K, 0% used [0x00000000d5f80000,0x00000000d5f80000,0x00000000df900000)
  from space 12288K, 0% used [0x00000000e0700000,0x00000000e0700000,0x00000000e1300000)
  to   space 14336K, 0% used [0x00000000df900000,0x00000000df900000,0x00000000e0700000)
 ParOldGen       total 92672K, used 17299K [0x0000000081e00000, 0x0000000087880000, 0x00000000d5f80000)
  object space 92672K, 18% used [0x0000000081e00000,0x0000000082ee4f28,0x0000000087880000)
 Metaspace       used 33680K, capacity 35356K, committed 35456K, reserved 1079296K
  class space    used 4399K, capacity 4709K, committed 4736K, reserved 1048576K
}
Event: 5.820 GC heap before
{Heap before GC invocations=11 (full 2):
 PSYoungGen      total 169472K, used 157184K [0x00000000d5f80000, 0x00000000e3380000, 0x0000000100000000)
  eden space 157184K, 100% used [0x00000000d5f80000,0x00000000df900000,0x00000000df900000)
  from space 12288K, 0% used [0x00000000e0700000,0x00000000e0700000,0x00000000e1300000)
  to   space 14336K, 0% used [0x00000000df900000,0x00000000df900000,0x00000000e0700000)
 ParOldGen       total 92672K, used 17299K [0x0000000081e00000, 0x0000000087880000, 0x00000000d5f80000)
  object space 92672K, 18% used [0x0000000081e00000,0x0000000082ee4f28,0x0000000087880000)
 Metaspace       used 44661K, capacity 46710K, committed 46976K, reserved 1089536K
  class space    used 6018K, capacity 6410K, committed 6528K, reserved 1048576K
Event: 5.831 GC heap after
Heap after GC invocations=11 (full 2):
 PSYoungGen      total 171520K, used 13645K [0x00000000d5f80000, 0x00000000e4300000, 0x0000000100000000)
  eden space 157184K, 0% used [0x00000000d5f80000,0x00000000d5f80000,0x00000000df900000)
  from space 14336K, 95% used [0x00000000df900000,0x00000000e0653430,0x00000000e0700000)
  to   space 16384K, 0% used [0x00000000e3300000,0x00000000e3300000,0x00000000e4300000)
 ParOldGen       total 92672K, used 17307K [0x0000000081e00000, 0x0000000087880000, 0x00000000d5f80000)
  object space 92672K, 18% used [0x0000000081e00000,0x0000000082ee6f28,0x0000000087880000)
 Metaspace       used 44661K, capacity 46710K, committed 46976K, reserved 1089536K
  class space    used 6018K, capacity 6410K, committed 6528K, reserved 1048576K
}

