# JRE version: Java(TM) SE Runtime Environment (8.0_211-b12) (build 1.8.0_211-b12)
# Java VM: Java HotSpot(TM) 64-Bit Server VM (25.211-b12 mixed mode windows-amd64 compressed oops)
Heap:
 PSYoungGen      total 138240K, used 58588K [0x00000000d5f80000, 0x00000000deb80000, 0x0000000100000000)
  eden space 133120K, 44% used [0x00000000d5f80000,0x00000000d98b73f0,0x00000000de180000)
  from space 5120K, 0% used [0x00000000de180000,0x00000000de180000,0x00000000de680000)
  to   space 5120K, 0% used [0x00000000de680000,0x00000000de680000,0x00000000deb80000)
 ParOldGen       total 93696K, used 19527K [0x0000000081e00000, 0x0000000087980000, 0x00000000d5f80000)
  object space 93696K, 20% used [0x0000000081e00000,0x0000000083111f70,0x0000000087980000)
 Metaspace       used 34952K, capacity 36840K, committed 36992K, reserved 1081344K
  class space    used 4579K, capacity 4939K, committed 4992K, reserved 1048576K
GC Heap History (10 events):
Event: 1.498 GC heap before
{Heap before GC invocations=5 (full 1):
 PSYoungGen      total 138240K, used 5106K [0x00000000d5f80000, 0x00000000deb80000, 0x0000000100000000)
  eden space 133120K, 0% used [0x00000000d5f80000,0x00000000d5f80000,0x00000000de180000)
  from space 5120K, 99% used [0x00000000de680000,0x00000000deb7caa8,0x00000000deb80000)
  to   space 5120K, 0% used [0x00000000de180000,0x00000000de180000,0x00000000de680000)
 ParOldGen       total 87552K, used 8259K [0x0000000081e00000, 0x0000000087380000, 0x00000000d5f80000)
  object space 87552K, 9% used [0x0000000081e00000,0x0000000082610d98,0x0000000087380000)
 Metaspace       used 20572K, capacity 21162K, committed 21296K, reserved 1067008K
  class space    used 2693K, capacity 2868K, committed 2944K, reserved 1048576K
Event: 1.524 GC heap after
Heap after GC invocations=5 (full 1):
 PSYoungGen      total 138240K, used 0K [0x00000000d5f80000, 0x00000000deb80000, 0x0000000100000000)
  eden space 133120K, 0% used [0x00000000d5f80000,0x00000000d5f80000,0x00000000de180000)
  from space 5120K, 0% used [0x00000000de680000,0x00000000de680000,0x00000000deb80000)
  to   space 5120K, 0% used [0x00000000de180000,0x00000000de180000,0x00000000de680000)
 ParOldGen       total 59392K, used 7429K [0x0000000081e00000, 0x0000000085800000, 0x00000000d5f80000)
  object space 59392K, 12% used [0x0000000081e00000,0x0000000082541590,0x0000000085800000)
 Metaspace       used 20572K, capacity 21162K, committed 21296K, reserved 1067008K
  class space    used 2693K, capacity 2868K, committed 2944K, reserved 1048576K
}
Event: 2.713 GC heap before
{Heap before GC invocations=6 (full 1):
 PSYoungGen      total 138240K, used 133120K [0x00000000d5f80000, 0x00000000deb80000, 0x0000000100000000)
  eden space 133120K, 100% used [0x00000000d5f80000,0x00000000de180000,0x00000000de180000)
  from space 5120K, 0% used [0x00000000de680000,0x00000000de680000,0x00000000deb80000)
  to   space 5120K, 0% used [0x00000000de180000,0x00000000de180000,0x00000000de680000)
 ParOldGen       total 59392K, used 7429K [0x0000000081e00000, 0x0000000085800000, 0x00000000d5f80000)
  object space 59392K, 12% used [0x0000000081e00000,0x0000000082541590,0x0000000085800000)
 Metaspace       used 25685K, capacity 26592K, committed 26880K, reserved 1073152K
  class space    used 3337K, capacity 3537K, committed 3584K, reserved 1048576K
Event: 2.724 GC heap after
Heap after GC invocations=6 (full 1):
 PSYoungGen      total 138240K, used 5099K [0x00000000d5f80000, 0x00000000deb80000, 0x0000000100000000)
  eden space 133120K, 0% used [0x00000000d5f80000,0x00000000d5f80000,0x00000000de180000)
  from space 5120K, 99% used [0x00000000de180000,0x00000000de67ae70,0x00000000de680000)
  to   space 5120K, 0% used [0x00000000de680000,0x00000000de680000,0x00000000deb80000)
 ParOldGen       total 59392K, used 11274K [0x0000000081e00000, 0x0000000085800000, 0x00000000d5f80000)
  object space 59392K, 18% used [0x0000000081e00000,0x0000000082902858,0x0000000085800000)
 Metaspace       used 25685K, capacity 26592K, committed 26880K, reserved 1073152K
  class space    used 3337K, capacity 3537K, committed 3584K, reserved 1048576K
}
Event: 4.131 GC heap before
{Heap before GC invocations=7 (full 1):
 PSYoungGen      total 138240K, used 138170K [0x00000000d5f80000, 0x00000000deb80000, 0x0000000100000000)
  eden space 133120K, 99% used [0x00000000d5f80000,0x00000000de173c90,0x00000000de180000)
  from space 5120K, 99% used [0x00000000de180000,0x00000000de67ae70,0x00000000de680000)
  to   space 5120K, 0% used [0x00000000de680000,0x00000000de680000,0x00000000deb80000)
 ParOldGen       total 59392K, used 11274K [0x0000000081e00000, 0x0000000085800000, 0x00000000d5f80000)
  object space 59392K, 18% used [0x0000000081e00000,0x0000000082902858,0x0000000085800000)
 Metaspace       used 32864K, capacity 34514K, committed 34560K, reserved 1079296K
  class space    used 4305K, capacity 4606K, committed 4608K, reserved 1048576K
Event: 4.140 GC heap after
Heap after GC invocations=7 (full 1):
 PSYoungGen      total 138240K, used 5109K [0x00000000d5f80000, 0x00000000deb80000, 0x0000000100000000)
  eden space 133120K, 0% used [0x00000000d5f80000,0x00000000d5f80000,0x00000000de180000)
  from space 5120K, 99% used [0x00000000de680000,0x00000000deb7d6f0,0x00000000deb80000)
  to   space 5120K, 0% used [0x00000000de180000,0x00000000de180000,0x00000000de680000)
 ParOldGen       total 59392K, used 20636K [0x0000000081e00000, 0x0000000085800000, 0x00000000d5f80000)
  object space 59392K, 34% used [0x0000000081e00000,0x0000000083227398,0x0000000085800000)
 Metaspace       used 32864K, capacity 34514K, committed 34560K, reserved 1079296K
  class space    used 4305K, capacity 4606K, committed 4608K, reserved 1048576K
}
Event: 4.247 GC heap before
{Heap before GC invocations=8 (full 1):
 PSYoungGen      total 138240K, used 12887K [0x00000000d5f80000, 0x00000000deb80000, 0x0000000100000000)
  eden space 133120K, 5% used [0x00000000d5f80000,0x00000000d6718860,0x00000000de180000)
  from space 5120K, 99% used [0x00000000de680000,0x00000000deb7d6f0,0x00000000deb80000)
  to   space 5120K, 0% used [0x00000000de180000,0x00000000de180000,0x00000000de680000)
 ParOldGen       total 59392K, used 20636K [0x0000000081e00000, 0x0000000085800000, 0x00000000d5f80000)
  object space 59392K, 34% used [0x0000000081e00000,0x0000000083227398,0x0000000085800000)
 Metaspace       used 33735K, capacity 35360K, committed 35456K, reserved 1079296K
  class space    used 4404K, capacity 4709K, committed 4736K, reserved 1048576K
Event: 4.255 GC heap after
Heap after GC invocations=8 (full 1):
 PSYoungGen      total 138240K, used 5092K [0x00000000d5f80000, 0x00000000deb80000, 0x0000000100000000)
  eden space 133120K, 0% used [0x00000000d5f80000,0x00000000d5f80000,0x00000000de180000)
  from space 5120K, 99% used [0x00000000de180000,0x00000000de679040,0x00000000de680000)
  to   space 5120K, 0% used [0x00000000de680000,0x00000000de680000,0x00000000deb80000)
 ParOldGen       total 59392K, used 21689K [0x0000000081e00000, 0x0000000085800000, 0x00000000d5f80000)
  object space 59392K, 36% used [0x0000000081e00000,0x000000008332e438,0x0000000085800000)
 Metaspace       used 33735K, capacity 35360K, committed 35456K, reserved 1079296K
  class space    used 4404K, capacity 4709K, committed 4736K, reserved 1048576K
}
Event: 4.255 GC heap before
{Heap before GC invocations=9 (full 2):
 PSYoungGen      total 138240K, used 5092K [0x00000000d5f80000, 0x00000000deb80000, 0x0000000100000000)
  eden space 133120K, 0% used [0x00000000d5f80000,0x00000000d5f80000,0x00000000de180000)
  from space 5120K, 99% used [0x00000000de180000,0x00000000de679040,0x00000000de680000)
  to   space 5120K, 0% used [0x00000000de680000,0x00000000de680000,0x00000000deb80000)
 ParOldGen       total 59392K, used 21689K [0x0000000081e00000, 0x0000000085800000, 0x00000000d5f80000)
  object space 59392K, 36% used [0x0000000081e00000,0x000000008332e438,0x0000000085800000)
 Metaspace       used 33735K, capacity 35360K, committed 35456K, reserved 1079296K
  class space    used 4404K, capacity 4709K, committed 4736K, reserved 1048576K
Event: 4.313 GC heap after
Heap after GC invocations=9 (full 2):
 PSYoungGen      total 138240K, used 0K [0x00000000d5f80000, 0x00000000deb80000, 0x0000000100000000)
  eden space 133120K, 0% used [0x00000000d5f80000,0x00000000d5f80000,0x00000000de180000)
  from space 5120K, 0% used [0x00000000de180000,0x00000000de180000,0x00000000de680000)
  to   space 5120K, 0% used [0x00000000de680000,0x00000000de680000,0x00000000deb80000)
 ParOldGen       total 93696K, used 19527K [0x0000000081e00000, 0x0000000087980000, 0x00000000d5f80000)
  object space 93696K, 20% used [0x0000000081e00000,0x0000000083111f70,0x0000000087980000)
 Metaspace       used 33735K, capacity 35360K, committed 35456K, reserved 1079296K
  class space    used 4404K, capacity 4709K, committed 4736K, reserved 1048576K
}

