# JRE version: Java(TM) SE Runtime Environment (8.0_211-b12) (build 1.8.0_211-b12)
# Java VM: Java HotSpot(TM) 64-Bit Server VM (25.211-b12 mixed mode windows-amd64 compressed oops)
Heap:
 PSYoungGen      total 171008K, used 66343K [0x00000000d5f80000, 0x00000000e3580000, 0x0000000100000000)
  eden space 158720K, 41% used [0x00000000d5f80000,0x00000000da049ed8,0x00000000dfa80000)
  from space 12288K, 0% used [0x00000000e0880000,0x00000000e0880000,0x00000000e1480000)
  to   space 14336K, 0% used [0x00000000dfa80000,0x00000000dfa80000,0x00000000e0880000)
 ParOldGen       total 57344K, used 17291K [0x0000000081e00000, 0x0000000085600000, 0x00000000d5f80000)
  object space 57344K, 30% used [0x0000000081e00000,0x0000000082ee2e18,0x0000000085600000)
 Metaspace       used 35391K, capacity 37300K, committed 37504K, reserved 1081344K
  class space    used 4642K, capacity 4985K, committed 4992K, reserved 1048576K
GC Heap History (10 events):
Event: 1.315 GC heap before
{Heap before GC invocations=6 (full 1):
 PSYoungGen      total 71680K, used 5107K [0x00000000d5f80000, 0x00000000df480000, 0x0000000100000000)
  eden space 66560K, 0% used [0x00000000d5f80000,0x00000000d5f80000,0x00000000da080000)
  from space 5120K, 99% used [0x00000000da080000,0x00000000da57ccc8,0x00000000da580000)
  to   space 9728K, 0% used [0x00000000deb00000,0x00000000deb00000,0x00000000df480000)
 ParOldGen       total 87552K, used 6192K [0x0000000081e00000, 0x0000000087380000, 0x00000000d5f80000)
  object space 87552K, 7% used [0x0000000081e00000,0x000000008240c2b8,0x0000000087380000)
 Metaspace       used 20600K, capacity 21246K, committed 21296K, reserved 1067008K
  class space    used 2708K, capacity 2898K, committed 2944K, reserved 1048576K
Event: 1.338 GC heap after
Heap after GC invocations=6 (full 1):
 PSYoungGen      total 71680K, used 0K [0x00000000d5f80000, 0x00000000df480000, 0x0000000100000000)
  eden space 66560K, 0% used [0x00000000d5f80000,0x00000000d5f80000,0x00000000da080000)
  from space 5120K, 0% used [0x00000000da080000,0x00000000da080000,0x00000000da580000)
  to   space 9728K, 0% used [0x00000000deb00000,0x00000000deb00000,0x00000000df480000)
 ParOldGen       total 57344K, used 7051K [0x0000000081e00000, 0x0000000085600000, 0x00000000d5f80000)
  object space 57344K, 12% used [0x0000000081e00000,0x00000000824e2f50,0x0000000085600000)
 Metaspace       used 20600K, capacity 21246K, committed 21296K, reserved 1067008K
  class space    used 2708K, capacity 2898K, committed 2944K, reserved 1048576K
}
Event: 1.716 GC heap before
{Heap before GC invocations=7 (full 1):
 PSYoungGen      total 71680K, used 66560K [0x00000000d5f80000, 0x00000000df480000, 0x0000000100000000)
  eden space 66560K, 100% used [0x00000000d5f80000,0x00000000da080000,0x00000000da080000)
  from space 5120K, 0% used [0x00000000da080000,0x00000000da080000,0x00000000da580000)
  to   space 9728K, 0% used [0x00000000deb00000,0x00000000deb00000,0x00000000df480000)
 ParOldGen       total 57344K, used 7051K [0x0000000081e00000, 0x0000000085600000, 0x00000000d5f80000)
  object space 57344K, 12% used [0x0000000081e00000,0x00000000824e2f50,0x0000000085600000)
 Metaspace       used 23580K, capacity 24292K, committed 24576K, reserved 1071104K
  class space    used 3058K, capacity 3259K, committed 3328K, reserved 1048576K
Event: 1.721 GC heap after
Heap after GC invocations=7 (full 1):
 PSYoungGen      total 108544K, used 3306K [0x00000000d5f80000, 0x00000000dee80000, 0x0000000100000000)
  eden space 104960K, 0% used [0x00000000d5f80000,0x00000000d5f80000,0x00000000dc600000)
  from space 3584K, 92% used [0x00000000deb00000,0x00000000dee3aa40,0x00000000dee80000)
  to   space 9728K, 0% used [0x00000000ddb80000,0x00000000ddb80000,0x00000000de500000)
 ParOldGen       total 57344K, used 7123K [0x0000000081e00000, 0x0000000085600000, 0x00000000d5f80000)
  object space 57344K, 12% used [0x0000000081e00000,0x00000000824f4f60,0x0000000085600000)
 Metaspace       used 23580K, capacity 24292K, committed 24576K, reserved 1071104K
  class space    used 3058K, capacity 3259K, committed 3328K, reserved 1048576K
}
Event: 2.998 GC heap before
{Heap before GC invocations=8 (full 1):
 PSYoungGen      total 108544K, used 108266K [0x00000000d5f80000, 0x00000000dee80000, 0x0000000100000000)
  eden space 104960K, 100% used [0x00000000d5f80000,0x00000000dc600000,0x00000000dc600000)
  from space 3584K, 92% used [0x00000000deb00000,0x00000000dee3aa40,0x00000000dee80000)
  to   space 9728K, 0% used [0x00000000ddb80000,0x00000000ddb80000,0x00000000de500000)
 ParOldGen       total 57344K, used 7123K [0x0000000081e00000, 0x0000000085600000, 0x00000000d5f80000)
  object space 57344K, 12% used [0x0000000081e00000,0x00000000824f4f60,0x0000000085600000)
 Metaspace       used 28265K, capacity 29374K, committed 29568K, reserved 1075200K
  class space    used 3721K, capacity 3959K, committed 3968K, reserved 1048576K
Event: 3.009 GC heap after
Heap after GC invocations=8 (full 1):
 PSYoungGen      total 136704K, used 9710K [0x00000000d5f80000, 0x00000000e1480000, 0x0000000100000000)
  eden space 126976K, 0% used [0x00000000d5f80000,0x00000000d5f80000,0x00000000ddb80000)
  from space 9728K, 99% used [0x00000000ddb80000,0x00000000de4fb928,0x00000000de500000)
  to   space 12288K, 0% used [0x00000000e0880000,0x00000000e0880000,0x00000000e1480000)
 ParOldGen       total 57344K, used 8772K [0x0000000081e00000, 0x0000000085600000, 0x00000000d5f80000)
  object space 57344K, 15% used [0x0000000081e00000,0x0000000082691150,0x0000000085600000)
 Metaspace       used 28265K, capacity 29374K, committed 29568K, reserved 1075200K
  class space    used 3721K, capacity 3959K, committed 3968K, reserved 1048576K
}
Event: 4.072 GC heap before
{Heap before GC invocations=9 (full 1):
 PSYoungGen      total 136704K, used 112274K [0x00000000d5f80000, 0x00000000e1480000, 0x0000000100000000)
  eden space 126976K, 80% used [0x00000000d5f80000,0x00000000dc3a8f58,0x00000000ddb80000)
  from space 9728K, 99% used [0x00000000ddb80000,0x00000000de4fb928,0x00000000de500000)
  to   space 12288K, 0% used [0x00000000e0880000,0x00000000e0880000,0x00000000e1480000)
 ParOldGen       total 57344K, used 8772K [0x0000000081e00000, 0x0000000085600000, 0x00000000d5f80000)
  object space 57344K, 15% used [0x0000000081e00000,0x0000000082691150,0x0000000085600000)
 Metaspace       used 33670K, capacity 35352K, committed 35456K, reserved 1079296K
  class space    used 4398K, capacity 4709K, committed 4736K, reserved 1048576K
Event: 4.083 GC heap after
Heap after GC invocations=9 (full 1):
 PSYoungGen      total 171008K, used 12261K [0x00000000d5f80000, 0x00000000e3580000, 0x0000000100000000)
  eden space 158720K, 0% used [0x00000000d5f80000,0x00000000d5f80000,0x00000000dfa80000)
  from space 12288K, 99% used [0x00000000e0880000,0x00000000e1479770,0x00000000e1480000)
  to   space 14336K, 0% used [0x00000000dfa80000,0x00000000dfa80000,0x00000000e0880000)
 ParOldGen       total 57344K, used 9711K [0x0000000081e00000, 0x0000000085600000, 0x00000000d5f80000)
  object space 57344K, 16% used [0x0000000081e00000,0x000000008277bc88,0x0000000085600000)
 Metaspace       used 33670K, capacity 35352K, committed 35456K, reserved 1079296K
  class space    used 4398K, capacity 4709K, committed 4736K, reserved 1048576K
}
Event: 4.083 GC heap before
{Heap before GC invocations=10 (full 2):
 PSYoungGen      total 171008K, used 12261K [0x00000000d5f80000, 0x00000000e3580000, 0x0000000100000000)
  eden space 158720K, 0% used [0x00000000d5f80000,0x00000000d5f80000,0x00000000dfa80000)
  from space 12288K, 99% used [0x00000000e0880000,0x00000000e1479770,0x00000000e1480000)
  to   space 14336K, 0% used [0x00000000dfa80000,0x00000000dfa80000,0x00000000e0880000)
 ParOldGen       total 57344K, used 9711K [0x0000000081e00000, 0x0000000085600000, 0x00000000d5f80000)
  object space 57344K, 16% used [0x0000000081e00000,0x000000008277bc88,0x0000000085600000)
 Metaspace       used 33670K, capacity 35352K, committed 35456K, reserved 1079296K
  class space    used 4398K, capacity 4709K, committed 4736K, reserved 1048576K
Event: 4.150 GC heap after
Heap after GC invocations=10 (full 2):
 PSYoungGen      total 171008K, used 0K [0x00000000d5f80000, 0x00000000e3580000, 0x0000000100000000)
  eden space 158720K, 0% used [0x00000000d5f80000,0x00000000d5f80000,0x00000000dfa80000)
  from space 12288K, 0% used [0x00000000e0880000,0x00000000e0880000,0x00000000e1480000)
  to   space 14336K, 0% used [0x00000000dfa80000,0x00000000dfa80000,0x00000000e0880000)
 ParOldGen       total 57344K, used 17291K [0x0000000081e00000, 0x0000000085600000, 0x00000000d5f80000)
  object space 57344K, 30% used [0x0000000081e00000,0x0000000082ee2e18,0x0000000085600000)
 Metaspace       used 33670K, capacity 35352K, committed 35456K, reserved 1079296K
  class space    used 4398K, capacity 4709K, committed 4736K, reserved 1048576K
}

