# JRE version: Java(TM) SE Runtime Environment (8.0_211-b12) (build 1.8.0_211-b12)
# Java VM: Java HotSpot(TM) 64-Bit Server VM (25.211-b12 mixed mode windows-amd64 compressed oops)
Heap:
 PSYoungGen      total 168448K, used 40792K [0x00000000d5f80000, 0x00000000e3c80000, 0x0000000100000000)
  eden space 154112K, 17% used [0x00000000d5f80000,0x00000000d7a4bb08,0x00000000df600000)
  from space 14336K, 93% used [0x00000000df600000,0x00000000e030a690,0x00000000e0400000)
  to   space 16384K, 0% used [0x00000000e2c80000,0x00000000e2c80000,0x00000000e3c80000)
 ParOldGen       total 93696K, used 17381K [0x0000000081e00000, 0x0000000087980000, 0x00000000d5f80000)
  object space 93696K, 18% used [0x0000000081e00000,0x0000000082ef9788,0x0000000087980000)
 Metaspace       used 46447K, capacity 48474K, committed 48640K, reserved 1091584K
  class space    used 6277K, capacity 6649K, committed 6656K, reserved 1048576K
GC Heap History (10 events):
Event: 1.669 GC heap before
{Heap before GC invocations=7 (full 1):
 PSYoungGen      total 71680K, used 66560K [0x00000000d5f80000, 0x00000000df480000, 0x0000000100000000)
  eden space 66560K, 100% used [0x00000000d5f80000,0x00000000da080000,0x00000000da080000)
  from space 5120K, 0% used [0x00000000da080000,0x00000000da080000,0x00000000da580000)
  to   space 9728K, 0% used [0x00000000deb00000,0x00000000deb00000,0x00000000df480000)
 ParOldGen       total 58368K, used 7350K [0x0000000081e00000, 0x0000000085700000, 0x00000000d5f80000)
  object space 58368K, 12% used [0x0000000081e00000,0x000000008252db78,0x0000000085700000)
 Metaspace       used 23733K, capacity 24500K, committed 24576K, reserved 1071104K
  class space    used 3062K, capacity 3262K, committed 3328K, reserved 1048576K
Event: 1.674 GC heap after
Heap after GC invocations=7 (full 1):
 PSYoungGen      total 107008K, used 3495K [0x00000000d5f80000, 0x00000000dee80000, 0x0000000100000000)
  eden space 103424K, 0% used [0x00000000d5f80000,0x00000000d5f80000,0x00000000dc480000)
  from space 3584K, 97% used [0x00000000deb00000,0x00000000dee69da8,0x00000000dee80000)
  to   space 9728K, 0% used [0x00000000ddb80000,0x00000000ddb80000,0x00000000de500000)
 ParOldGen       total 58368K, used 7358K [0x0000000081e00000, 0x0000000085700000, 0x00000000d5f80000)
  object space 58368K, 12% used [0x0000000081e00000,0x000000008252fb78,0x0000000085700000)
 Metaspace       used 23733K, capacity 24500K, committed 24576K, reserved 1071104K
  class space    used 3062K, capacity 3262K, committed 3328K, reserved 1048576K
}
Event: 2.897 GC heap before
{Heap before GC invocations=8 (full 1):
 PSYoungGen      total 107008K, used 106919K [0x00000000d5f80000, 0x00000000dee80000, 0x0000000100000000)
  eden space 103424K, 100% used [0x00000000d5f80000,0x00000000dc480000,0x00000000dc480000)
  from space 3584K, 97% used [0x00000000deb00000,0x00000000dee69da8,0x00000000dee80000)
  to   space 9728K, 0% used [0x00000000ddb80000,0x00000000ddb80000,0x00000000de500000)
 ParOldGen       total 58368K, used 7358K [0x0000000081e00000, 0x0000000085700000, 0x00000000d5f80000)
  object space 58368K, 12% used [0x0000000081e00000,0x000000008252fb78,0x0000000085700000)
 Metaspace       used 28352K, capacity 29458K, committed 29568K, reserved 1075200K
  class space    used 3723K, capacity 3962K, committed 3968K, reserved 1048576K
Event: 2.908 GC heap after
Heap after GC invocations=8 (full 1):
 PSYoungGen      total 136704K, used 9698K [0x00000000d5f80000, 0x00000000e1000000, 0x0000000100000000)
  eden space 126976K, 0% used [0x00000000d5f80000,0x00000000d5f80000,0x00000000ddb80000)
  from space 9728K, 99% used [0x00000000ddb80000,0x00000000de4f8b60,0x00000000de500000)
  to   space 12288K, 0% used [0x00000000e0400000,0x00000000e0400000,0x00000000e1000000)
 ParOldGen       total 58368K, used 8963K [0x0000000081e00000, 0x0000000085700000, 0x00000000d5f80000)
  object space 58368K, 15% used [0x0000000081e00000,0x00000000826c0f88,0x0000000085700000)
 Metaspace       used 28352K, capacity 29458K, committed 29568K, reserved 1075200K
  class space    used 3723K, capacity 3962K, committed 3968K, reserved 1048576K
}
Event: 3.970 GC heap before
{Heap before GC invocations=9 (full 1):
 PSYoungGen      total 136704K, used 111099K [0x00000000d5f80000, 0x00000000e1000000, 0x0000000100000000)
  eden space 126976K, 79% used [0x00000000d5f80000,0x00000000dc2860c0,0x00000000ddb80000)
  from space 9728K, 99% used [0x00000000ddb80000,0x00000000de4f8b60,0x00000000de500000)
  to   space 12288K, 0% used [0x00000000e0400000,0x00000000e0400000,0x00000000e1000000)
 ParOldGen       total 58368K, used 8963K [0x0000000081e00000, 0x0000000085700000, 0x00000000d5f80000)
  object space 58368K, 15% used [0x0000000081e00000,0x00000000826c0f88,0x0000000085700000)
 Metaspace       used 33703K, capacity 35358K, committed 35456K, reserved 1079296K
  class space    used 4400K, capacity 4711K, committed 4736K, reserved 1048576K
Event: 3.981 GC heap after
Heap after GC invocations=9 (full 1):
 PSYoungGen      total 166400K, used 12281K [0x00000000d5f80000, 0x00000000e3280000, 0x0000000100000000)
  eden space 154112K, 0% used [0x00000000d5f80000,0x00000000d5f80000,0x00000000df600000)
  from space 12288K, 99% used [0x00000000e0400000,0x00000000e0ffe7b8,0x00000000e1000000)
  to   space 14336K, 0% used [0x00000000df600000,0x00000000df600000,0x00000000e0400000)
 ParOldGen       total 58368K, used 9921K [0x0000000081e00000, 0x0000000085700000, 0x00000000d5f80000)
  object space 58368K, 16% used [0x0000000081e00000,0x00000000827b07c8,0x0000000085700000)
 Metaspace       used 33703K, capacity 35358K, committed 35456K, reserved 1079296K
  class space    used 4400K, capacity 4711K, committed 4736K, reserved 1048576K
}
Event: 3.981 GC heap before
{Heap before GC invocations=10 (full 2):
 PSYoungGen      total 166400K, used 12281K [0x00000000d5f80000, 0x00000000e3280000, 0x0000000100000000)
  eden space 154112K, 0% used [0x00000000d5f80000,0x00000000d5f80000,0x00000000df600000)
  from space 12288K, 99% used [0x00000000e0400000,0x00000000e0ffe7b8,0x00000000e1000000)
  to   space 14336K, 0% used [0x00000000df600000,0x00000000df600000,0x00000000e0400000)
 ParOldGen       total 58368K, used 9921K [0x0000000081e00000, 0x0000000085700000, 0x00000000d5f80000)
  object space 58368K, 16% used [0x0000000081e00000,0x00000000827b07c8,0x0000000085700000)
 Metaspace       used 33703K, capacity 35358K, committed 35456K, reserved 1079296K
  class space    used 4400K, capacity 4711K, committed 4736K, reserved 1048576K
Event: 4.039 GC heap after
Heap after GC invocations=10 (full 2):
 PSYoungGen      total 166400K, used 0K [0x00000000d5f80000, 0x00000000e3280000, 0x0000000100000000)
  eden space 154112K, 0% used [0x00000000d5f80000,0x00000000d5f80000,0x00000000df600000)
  from space 12288K, 0% used [0x00000000e0400000,0x00000000e0400000,0x00000000e1000000)
  to   space 14336K, 0% used [0x00000000df600000,0x00000000df600000,0x00000000e0400000)
 ParOldGen       total 93696K, used 17373K [0x0000000081e00000, 0x0000000087980000, 0x00000000d5f80000)
  object space 93696K, 18% used [0x0000000081e00000,0x0000000082ef7788,0x0000000087980000)
 Metaspace       used 33703K, capacity 35358K, committed 35456K, reserved 1079296K
  class space    used 4400K, capacity 4711K, committed 4736K, reserved 1048576K
}
Event: 5.586 GC heap before
{Heap before GC invocations=11 (full 2):
 PSYoungGen      total 166400K, used 154112K [0x00000000d5f80000, 0x00000000e3280000, 0x0000000100000000)
  eden space 154112K, 100% used [0x00000000d5f80000,0x00000000df600000,0x00000000df600000)
  from space 12288K, 0% used [0x00000000e0400000,0x00000000e0400000,0x00000000e1000000)
  to   space 14336K, 0% used [0x00000000df600000,0x00000000df600000,0x00000000e0400000)
 ParOldGen       total 93696K, used 17373K [0x0000000081e00000, 0x0000000087980000, 0x00000000d5f80000)
  object space 93696K, 18% used [0x0000000081e00000,0x0000000082ef7788,0x0000000087980000)
 Metaspace       used 44425K, capacity 46456K, committed 46848K, reserved 1089536K
  class space    used 5981K, capacity 6348K, committed 6400K, reserved 1048576K
Event: 5.597 GC heap after
Heap after GC invocations=11 (full 2):
 PSYoungGen      total 168448K, used 13353K [0x00000000d5f80000, 0x00000000e3c80000, 0x0000000100000000)
  eden space 154112K, 0% used [0x00000000d5f80000,0x00000000d5f80000,0x00000000df600000)
  from space 14336K, 93% used [0x00000000df600000,0x00000000e030a690,0x00000000e0400000)
  to   space 16384K, 0% used [0x00000000e2c80000,0x00000000e2c80000,0x00000000e3c80000)
 ParOldGen       total 93696K, used 17381K [0x0000000081e00000, 0x0000000087980000, 0x00000000d5f80000)
  object space 93696K, 18% used [0x0000000081e00000,0x0000000082ef9788,0x0000000087980000)
 Metaspace       used 44425K, capacity 46456K, committed 46848K, reserved 1089536K
  class space    used 5981K, capacity 6348K, committed 6400K, reserved 1048576K
}

