# JRE version: Java(TM) SE Runtime Environment (8.0_211-b12) (build 1.8.0_211-b12)
# Java VM: Java HotSpot(TM) 64-Bit Server VM (25.211-b12 mixed mode windows-amd64 compressed oops)
Heap:
 PSYoungGen      total 250880K, used 200863K [0x00000000d5f80000, 0x00000000e6200000, 0x0000000100000000)
  eden space 237056K, 84% used [0x00000000d5f80000,0x00000000e23a7d18,0x00000000e4700000)
  from space 13824K, 0% used [0x00000000e4700000,0x00000000e4700000,0x00000000e5480000)
  to   space 10240K, 0% used [0x00000000e5600000,0x00000000e5600000,0x00000000e6000000)
 ParOldGen       total 67584K, used 15898K [0x0000000081e00000, 0x0000000086000000, 0x00000000d5f80000)
  object space 67584K, 23% used [0x0000000081e00000,0x0000000082d86838,0x0000000086000000)
 Metaspace       used 52703K, capacity 54844K, committed 55120K, reserved 1097728K
  class space    used 7267K, capacity 7698K, committed 7764K, reserved 1048576K
GC Heap History (10 events):
Event: 1.184 GC heap before
{Heap before GC invocations=7 (full 1):
 PSYoungGen      total 141824K, used 5187K [0x00000000d5f80000, 0x00000000df380000, 0x0000000100000000)
  eden space 133120K, 0% used [0x00000000d5f80000,0x00000000d5f80000,0x00000000de180000)
  from space 8704K, 59% used [0x00000000deb00000,0x00000000df010cb8,0x00000000df380000)
  to   space 9216K, 0% used [0x00000000de180000,0x00000000de180000,0x00000000dea80000)
 ParOldGen       total 87552K, used 6320K [0x0000000081e00000, 0x0000000087380000, 0x00000000d5f80000)
  object space 87552K, 7% used [0x0000000081e00000,0x000000008242c0c8,0x0000000087380000)
 Metaspace       used 20933K, capacity 21552K, committed 21628K, reserved 1069056K
  class space    used 2739K, capacity 2933K, committed 2944K, reserved 1048576K
Event: 1.205 GC heap after
Heap after GC invocations=7 (full 1):
 PSYoungGen      total 141824K, used 0K [0x00000000d5f80000, 0x00000000df380000, 0x0000000100000000)
  eden space 133120K, 0% used [0x00000000d5f80000,0x00000000d5f80000,0x00000000de180000)
  from space 8704K, 0% used [0x00000000deb00000,0x00000000deb00000,0x00000000df380000)
  to   space 9216K, 0% used [0x00000000de180000,0x00000000de180000,0x00000000dea80000)
 ParOldGen       total 47104K, used 5190K [0x0000000081e00000, 0x0000000084c00000, 0x00000000d5f80000)
  object space 47104K, 11% used [0x0000000081e00000,0x00000000823119f8,0x0000000084c00000)
 Metaspace       used 20931K, capacity 21546K, committed 21628K, reserved 1069056K
  class space    used 2738K, capacity 2932K, committed 2944K, reserved 1048576K
}
Event: 2.244 GC heap before
{Heap before GC invocations=8 (full 1):
 PSYoungGen      total 141824K, used 133120K [0x00000000d5f80000, 0x00000000df380000, 0x0000000100000000)
  eden space 133120K, 100% used [0x00000000d5f80000,0x00000000de180000,0x00000000de180000)
  from space 8704K, 0% used [0x00000000deb00000,0x00000000deb00000,0x00000000df380000)
  to   space 9216K, 0% used [0x00000000de180000,0x00000000de180000,0x00000000dea80000)
 ParOldGen       total 47104K, used 5190K [0x0000000081e00000, 0x0000000084c00000, 0x00000000d5f80000)
  object space 47104K, 11% used [0x0000000081e00000,0x00000000823119f8,0x0000000084c00000)
 Metaspace       used 25662K, capacity 26510K, committed 26620K, reserved 1073152K
  class space    used 3336K, capacity 3534K, committed 3584K, reserved 1048576K
Event: 2.254 GC heap after
Heap after GC invocations=8 (full 1):
 PSYoungGen      total 142336K, used 9035K [0x00000000d5f80000, 0x00000000e6000000, 0x0000000100000000)
  eden space 133120K, 0% used [0x00000000d5f80000,0x00000000d5f80000,0x00000000de180000)
  from space 9216K, 98% used [0x00000000de180000,0x00000000dea52e28,0x00000000dea80000)
  to   space 10240K, 0% used [0x00000000e5600000,0x00000000e5600000,0x00000000e6000000)
 ParOldGen       total 47104K, used 5262K [0x0000000081e00000, 0x0000000084c00000, 0x00000000d5f80000)
  object space 47104K, 11% used [0x0000000081e00000,0x0000000082323a08,0x0000000084c00000)
 Metaspace       used 25662K, capacity 26510K, committed 26620K, reserved 1073152K
  class space    used 3336K, capacity 3534K, committed 3584K, reserved 1048576K
}
Event: 3.546 GC heap before
{Heap before GC invocations=9 (full 1):
 PSYoungGen      total 142336K, used 142103K [0x00000000d5f80000, 0x00000000e6000000, 0x0000000100000000)
  eden space 133120K, 99% used [0x00000000d5f80000,0x00000000de173130,0x00000000de180000)
  from space 9216K, 98% used [0x00000000de180000,0x00000000dea52e28,0x00000000dea80000)
  to   space 10240K, 0% used [0x00000000e5600000,0x00000000e5600000,0x00000000e6000000)
 ParOldGen       total 47104K, used 5262K [0x0000000081e00000, 0x0000000084c00000, 0x00000000d5f80000)
  object space 47104K, 11% used [0x0000000081e00000,0x0000000082323a08,0x0000000084c00000)
 Metaspace       used 32876K, capacity 34578K, committed 34812K, reserved 1079296K
  class space    used 4308K, capacity 4606K, committed 4608K, reserved 1048576K
Event: 3.558 GC heap after
Heap after GC invocations=9 (full 1):
 PSYoungGen      total 247296K, used 10214K [0x00000000d5f80000, 0x00000000e6200000, 0x0000000100000000)
  eden space 237056K, 0% used [0x00000000d5f80000,0x00000000d5f80000,0x00000000e4700000)
  from space 10240K, 99% used [0x00000000e5600000,0x00000000e5ff9ab8,0x00000000e6000000)
  to   space 13824K, 0% used [0x00000000e4700000,0x00000000e4700000,0x00000000e5480000)
 ParOldGen       total 47104K, used 9567K [0x0000000081e00000, 0x0000000084c00000, 0x00000000d5f80000)
  object space 47104K, 20% used [0x0000000081e00000,0x0000000082757e20,0x0000000084c00000)
 Metaspace       used 32876K, capacity 34578K, committed 34812K, reserved 1079296K
  class space    used 4308K, capacity 4606K, committed 4608K, reserved 1048576K
}
Event: 3.740 GC heap before
{Heap before GC invocations=10 (full 1):
 PSYoungGen      total 247296K, used 64178K [0x00000000d5f80000, 0x00000000e6200000, 0x0000000100000000)
  eden space 237056K, 22% used [0x00000000d5f80000,0x00000000d9432f38,0x00000000e4700000)
  from space 10240K, 99% used [0x00000000e5600000,0x00000000e5ff9ab8,0x00000000e6000000)
  to   space 13824K, 0% used [0x00000000e4700000,0x00000000e4700000,0x00000000e5480000)
 ParOldGen       total 47104K, used 9567K [0x0000000081e00000, 0x0000000084c00000, 0x00000000d5f80000)
  object space 47104K, 20% used [0x0000000081e00000,0x0000000082757e20,0x0000000084c00000)
 Metaspace       used 34168K, capacity 35844K, committed 36048K, reserved 1081344K
  class space    used 4446K, capacity 4743K, committed 4820K, reserved 1048576K
Event: 3.755 GC heap after
Heap after GC invocations=10 (full 1):
 PSYoungGen      total 250880K, used 11553K [0x00000000d5f80000, 0x00000000e6200000, 0x0000000100000000)
  eden space 237056K, 0% used [0x00000000d5f80000,0x00000000d5f80000,0x00000000e4700000)
  from space 13824K, 83% used [0x00000000e4700000,0x00000000e52484d8,0x00000000e5480000)
  to   space 10240K, 0% used [0x00000000e5600000,0x00000000e5600000,0x00000000e6000000)
 ParOldGen       total 47104K, used 9575K [0x0000000081e00000, 0x0000000084c00000, 0x00000000d5f80000)
  object space 47104K, 20% used [0x0000000081e00000,0x0000000082759e20,0x0000000084c00000)
 Metaspace       used 34168K, capacity 35844K, committed 36048K, reserved 1081344K
  class space    used 4446K, capacity 4743K, committed 4820K, reserved 1048576K
}
Event: 3.755 GC heap before
{Heap before GC invocations=11 (full 2):
 PSYoungGen      total 250880K, used 11553K [0x00000000d5f80000, 0x00000000e6200000, 0x0000000100000000)
  eden space 237056K, 0% used [0x00000000d5f80000,0x00000000d5f80000,0x00000000e4700000)
  from space 13824K, 83% used [0x00000000e4700000,0x00000000e52484d8,0x00000000e5480000)
  to   space 10240K, 0% used [0x00000000e5600000,0x00000000e5600000,0x00000000e6000000)
 ParOldGen       total 47104K, used 9575K [0x0000000081e00000, 0x0000000084c00000, 0x00000000d5f80000)
  object space 47104K, 20% used [0x0000000081e00000,0x0000000082759e20,0x0000000084c00000)
 Metaspace       used 34168K, capacity 35844K, committed 36048K, reserved 1081344K
  class space    used 4446K, capacity 4743K, committed 4820K, reserved 1048576K
Event: 3.805 GC heap after
Heap after GC invocations=11 (full 2):
 PSYoungGen      total 250880K, used 0K [0x00000000d5f80000, 0x00000000e6200000, 0x0000000100000000)
  eden space 237056K, 0% used [0x00000000d5f80000,0x00000000d5f80000,0x00000000e4700000)
  from space 13824K, 0% used [0x00000000e4700000,0x00000000e4700000,0x00000000e5480000)
  to   space 10240K, 0% used [0x00000000e5600000,0x00000000e5600000,0x00000000e6000000)
 ParOldGen       total 67584K, used 15898K [0x0000000081e00000, 0x0000000086000000, 0x00000000d5f80000)
  object space 67584K, 23% used [0x0000000081e00000,0x0000000082d86838,0x0000000086000000)
 Metaspace       used 34168K, capacity 35844K, committed 36048K, reserved 1081344K
  class space    used 4446K, capacity 4743K, committed 4820K, reserved 1048576K
}

