# JRE version: Java(TM) SE Runtime Environment (8.0_211-b12) (build 1.8.0_211-b12)
# Java VM: Java HotSpot(TM) 64-Bit Server VM (25.211-b12 mixed mode windows-amd64 compressed oops)
Heap:
 PSYoungGen      total 139264K, used 64164K [0x00000000d5f80000, 0x00000000e1280000, 0x0000000100000000)
  eden space 126976K, 50% used [0x00000000d5f80000,0x00000000d9e29288,0x00000000ddb80000)
  from space 12288K, 0% used [0x00000000e0680000,0x00000000e0680000,0x00000000e1280000)
  to   space 9728K, 0% used [0x00000000ddb80000,0x00000000ddb80000,0x00000000de500000)
 ParOldGen       total 58368K, used 17327K [0x0000000081e00000, 0x0000000085700000, 0x00000000d5f80000)
  object space 58368K, 29% used [0x0000000081e00000,0x0000000082eebfb8,0x0000000085700000)
 Metaspace       used 35242K, capacity 37164K, committed 37248K, reserved 1081344K
  class space    used 4619K, capacity 4983K, committed 4992K, reserved 1048576K
GC Heap History (10 events):
Event: 1.079 GC heap before
{Heap before GC invocations=6 (full 1):
 PSYoungGen      total 71680K, used 5088K [0x00000000d5f80000, 0x00000000df480000, 0x0000000100000000)
  eden space 66560K, 0% used [0x00000000d5f80000,0x00000000d5f80000,0x00000000da080000)
  from space 5120K, 99% used [0x00000000da080000,0x00000000da578240,0x00000000da580000)
  to   space 9728K, 0% used [0x00000000deb00000,0x00000000deb00000,0x00000000df480000)
 ParOldGen       total 87552K, used 6526K [0x0000000081e00000, 0x0000000087380000, 0x00000000d5f80000)
  object space 87552K, 7% used [0x0000000081e00000,0x000000008245fbc8,0x0000000087380000)
 Metaspace       used 20579K, capacity 21164K, committed 21296K, reserved 1067008K
  class space    used 2706K, capacity 2869K, committed 2944K, reserved 1048576K
Event: 1.101 GC heap after
Heap after GC invocations=6 (full 1):
 PSYoungGen      total 71680K, used 0K [0x00000000d5f80000, 0x00000000df480000, 0x0000000100000000)
  eden space 66560K, 0% used [0x00000000d5f80000,0x00000000d5f80000,0x00000000da080000)
  from space 5120K, 0% used [0x00000000da080000,0x00000000da080000,0x00000000da580000)
  to   space 9728K, 0% used [0x00000000deb00000,0x00000000deb00000,0x00000000df480000)
 ParOldGen       total 58368K, used 7389K [0x0000000081e00000, 0x0000000085700000, 0x00000000d5f80000)
  object space 58368K, 12% used [0x0000000081e00000,0x00000000825377c8,0x0000000085700000)
 Metaspace       used 20577K, capacity 21158K, committed 21296K, reserved 1067008K
  class space    used 2706K, capacity 2868K, committed 2944K, reserved 1048576K
}
Event: 1.415 GC heap before
{Heap before GC invocations=7 (full 1):
 PSYoungGen      total 71680K, used 66560K [0x00000000d5f80000, 0x00000000df480000, 0x0000000100000000)
  eden space 66560K, 100% used [0x00000000d5f80000,0x00000000da080000,0x00000000da080000)
  from space 5120K, 0% used [0x00000000da080000,0x00000000da080000,0x00000000da580000)
  to   space 9728K, 0% used [0x00000000deb00000,0x00000000deb00000,0x00000000df480000)
 ParOldGen       total 58368K, used 7389K [0x0000000081e00000, 0x0000000085700000, 0x00000000d5f80000)
  object space 58368K, 12% used [0x0000000081e00000,0x00000000825377c8,0x0000000085700000)
 Metaspace       used 23685K, capacity 24426K, committed 24576K, reserved 1071104K
  class space    used 3069K, capacity 3260K, committed 3328K, reserved 1048576K
Event: 1.419 GC heap after
Heap after GC invocations=7 (full 1):
 PSYoungGen      total 107520K, used 3443K [0x00000000d5f80000, 0x00000000dee80000, 0x0000000100000000)
  eden space 103936K, 0% used [0x00000000d5f80000,0x00000000d5f80000,0x00000000dc500000)
  from space 3584K, 96% used [0x00000000deb00000,0x00000000dee5ce38,0x00000000dee80000)
  to   space 9728K, 0% used [0x00000000ddb80000,0x00000000ddb80000,0x00000000de500000)
 ParOldGen       total 58368K, used 7461K [0x0000000081e00000, 0x0000000085700000, 0x00000000d5f80000)
  object space 58368K, 12% used [0x0000000081e00000,0x00000000825497d8,0x0000000085700000)
 Metaspace       used 23685K, capacity 24426K, committed 24576K, reserved 1071104K
  class space    used 3069K, capacity 3260K, committed 3328K, reserved 1048576K
}
Event: 2.408 GC heap before
{Heap before GC invocations=8 (full 1):
 PSYoungGen      total 107520K, used 107379K [0x00000000d5f80000, 0x00000000dee80000, 0x0000000100000000)
  eden space 103936K, 100% used [0x00000000d5f80000,0x00000000dc500000,0x00000000dc500000)
  from space 3584K, 96% used [0x00000000deb00000,0x00000000dee5ce38,0x00000000dee80000)
  to   space 9728K, 0% used [0x00000000ddb80000,0x00000000ddb80000,0x00000000de500000)
 ParOldGen       total 58368K, used 7461K [0x0000000081e00000, 0x0000000085700000, 0x00000000d5f80000)
  object space 58368K, 12% used [0x0000000081e00000,0x00000000825497d8,0x0000000085700000)
 Metaspace       used 28389K, capacity 29552K, committed 29696K, reserved 1075200K
  class space    used 3731K, capacity 3992K, committed 4096K, reserved 1048576K
Event: 2.422 GC heap after
Heap after GC invocations=8 (full 1):
 PSYoungGen      total 136704K, used 9723K [0x00000000d5f80000, 0x00000000e1280000, 0x0000000100000000)
  eden space 126976K, 0% used [0x00000000d5f80000,0x00000000d5f80000,0x00000000ddb80000)
  from space 9728K, 99% used [0x00000000ddb80000,0x00000000de4fed20,0x00000000de500000)
  to   space 12288K, 0% used [0x00000000e0680000,0x00000000e0680000,0x00000000e1280000)
 ParOldGen       total 58368K, used 8987K [0x0000000081e00000, 0x0000000085700000, 0x00000000d5f80000)
  object space 58368K, 15% used [0x0000000081e00000,0x00000000826c6fb0,0x0000000085700000)
 Metaspace       used 28389K, capacity 29552K, committed 29696K, reserved 1075200K
  class space    used 3731K, capacity 3992K, committed 4096K, reserved 1048576K
}
Event: 3.444 GC heap before
{Heap before GC invocations=9 (full 1):
 PSYoungGen      total 136704K, used 110554K [0x00000000d5f80000, 0x00000000e1280000, 0x0000000100000000)
  eden space 126976K, 79% used [0x00000000d5f80000,0x00000000dc1f7d60,0x00000000ddb80000)
  from space 9728K, 99% used [0x00000000ddb80000,0x00000000de4fed20,0x00000000de500000)
  to   space 12288K, 0% used [0x00000000e0680000,0x00000000e0680000,0x00000000e1280000)
 ParOldGen       total 58368K, used 8987K [0x0000000081e00000, 0x0000000085700000, 0x00000000d5f80000)
  object space 58368K, 15% used [0x0000000081e00000,0x00000000826c6fb0,0x0000000085700000)
 Metaspace       used 33666K, capacity 35352K, committed 35456K, reserved 1079296K
  class space    used 4399K, capacity 4709K, committed 4736K, reserved 1048576K
Event: 3.454 GC heap after
Heap after GC invocations=9 (full 1):
 PSYoungGen      total 139264K, used 12264K [0x00000000d5f80000, 0x00000000e1280000, 0x0000000100000000)
  eden space 126976K, 0% used [0x00000000d5f80000,0x00000000d5f80000,0x00000000ddb80000)
  from space 12288K, 99% used [0x00000000e0680000,0x00000000e127a208,0x00000000e1280000)
  to   space 9728K, 0% used [0x00000000ddb80000,0x00000000ddb80000,0x00000000de500000)
 ParOldGen       total 58368K, used 9944K [0x0000000081e00000, 0x0000000085700000, 0x00000000d5f80000)
  object space 58368K, 17% used [0x0000000081e00000,0x00000000827b63f8,0x0000000085700000)
 Metaspace       used 33666K, capacity 35352K, committed 35456K, reserved 1079296K
  class space    used 4399K, capacity 4709K, committed 4736K, reserved 1048576K
}
Event: 3.454 GC heap before
{Heap before GC invocations=10 (full 2):
 PSYoungGen      total 139264K, used 12264K [0x00000000d5f80000, 0x00000000e1280000, 0x0000000100000000)
  eden space 126976K, 0% used [0x00000000d5f80000,0x00000000d5f80000,0x00000000ddb80000)
  from space 12288K, 99% used [0x00000000e0680000,0x00000000e127a208,0x00000000e1280000)
  to   space 9728K, 0% used [0x00000000ddb80000,0x00000000ddb80000,0x00000000de500000)
 ParOldGen       total 58368K, used 9944K [0x0000000081e00000, 0x0000000085700000, 0x00000000d5f80000)
  object space 58368K, 17% used [0x0000000081e00000,0x00000000827b63f8,0x0000000085700000)
 Metaspace       used 33666K, capacity 35352K, committed 35456K, reserved 1079296K
  class space    used 4399K, capacity 4709K, committed 4736K, reserved 1048576K
Event: 3.508 GC heap after
Heap after GC invocations=10 (full 2):
 PSYoungGen      total 139264K, used 0K [0x00000000d5f80000, 0x00000000e1280000, 0x0000000100000000)
  eden space 126976K, 0% used [0x00000000d5f80000,0x00000000d5f80000,0x00000000ddb80000)
  from space 12288K, 0% used [0x00000000e0680000,0x00000000e0680000,0x00000000e1280000)
  to   space 9728K, 0% used [0x00000000ddb80000,0x00000000ddb80000,0x00000000de500000)
 ParOldGen       total 58368K, used 17327K [0x0000000081e00000, 0x0000000085700000, 0x00000000d5f80000)
  object space 58368K, 29% used [0x0000000081e00000,0x0000000082eebfb8,0x0000000085700000)
 Metaspace       used 33666K, capacity 35352K, committed 35456K, reserved 1079296K
  class space    used 4399K, capacity 4709K, committed 4736K, reserved 1048576K
}

