# JRE version: Java(TM) SE Runtime Environment (8.0_211-b12) (build 1.8.0_211-b12)
# Java VM: Java HotSpot(TM) 64-Bit Server VM (25.211-b12 mixed mode windows-amd64 compressed oops)
Heap:
 PSYoungGen      total 360448K, used 12507K [0x00000000d5f80000, 0x00000000f6880000, 0x0000000100000000)
  eden space 339968K, 3% used [0x00000000d5f80000,0x00000000d6bb6ef8,0x00000000eab80000)
  from space 20480K, 0% used [0x00000000eab80000,0x00000000eab80000,0x00000000ebf80000)
  to   space 19968K, 0% used [0x00000000f5500000,0x00000000f5500000,0x00000000f6880000)
 ParOldGen       total 66560K, used 26183K [0x0000000081e00000, 0x0000000085f00000, 0x00000000d5f80000)
  object space 66560K, 39% used [0x0000000081e00000,0x0000000083791dd8,0x0000000085f00000)
 Metaspace       used 57285K, capacity 60086K, committed 60336K, reserved 1101824K
  class space    used 7905K, capacity 8397K, committed 8420K, reserved 1048576K
GC Heap History (10 events):
Event: 4.125 GC heap before
{Heap before GC invocations=10 (full 1):
 PSYoungGen      total 242688K, used 23331K [0x00000000d5f80000, 0x00000000e5e00000, 0x0000000100000000)
  eden space 230400K, 4% used [0x00000000d5f80000,0x00000000d6a4cfd0,0x00000000e4080000)
  from space 12288K, 99% used [0x00000000e5200000,0x00000000e5dfbfc8,0x00000000e5e00000)
  to   space 14336K, 0% used [0x00000000e4200000,0x00000000e4200000,0x00000000e5000000)
 ParOldGen       total 49664K, used 10154K [0x0000000081e00000, 0x0000000084e80000, 0x00000000d5f80000)
  object space 49664K, 20% used [0x0000000081e00000,0x00000000827ea9e8,0x0000000084e80000)
 Metaspace       used 34338K, capacity 36038K, committed 36048K, reserved 1081344K
  class space    used 4467K, capacity 4782K, committed 4784K, reserved 1048576K
Event: 4.157 GC heap after
Heap after GC invocations=10 (full 1):
 PSYoungGen      total 246272K, used 10777K [0x00000000d5f80000, 0x00000000ece00000, 0x0000000100000000)
  eden space 231936K, 0% used [0x00000000d5f80000,0x00000000d5f80000,0x00000000e4200000)
  from space 14336K, 75% used [0x00000000e4200000,0x00000000e4c86618,0x00000000e5000000)
  to   space 14848K, 0% used [0x00000000ebf80000,0x00000000ebf80000,0x00000000ece00000)
 ParOldGen       total 49664K, used 10162K [0x0000000081e00000, 0x0000000084e80000, 0x00000000d5f80000)
  object space 49664K, 20% used [0x0000000081e00000,0x00000000827ec9e8,0x0000000084e80000)
 Metaspace       used 34338K, capacity 36038K, committed 36048K, reserved 1081344K
  class space    used 4467K, capacity 4782K, committed 4784K, reserved 1048576K
}
Event: 4.157 GC heap before
{Heap before GC invocations=11 (full 2):
 PSYoungGen      total 246272K, used 10777K [0x00000000d5f80000, 0x00000000ece00000, 0x0000000100000000)
  eden space 231936K, 0% used [0x00000000d5f80000,0x00000000d5f80000,0x00000000e4200000)
  from space 14336K, 75% used [0x00000000e4200000,0x00000000e4c86618,0x00000000e5000000)
  to   space 14848K, 0% used [0x00000000ebf80000,0x00000000ebf80000,0x00000000ece00000)
 ParOldGen       total 49664K, used 10162K [0x0000000081e00000, 0x0000000084e80000, 0x00000000d5f80000)
  object space 49664K, 20% used [0x0000000081e00000,0x00000000827ec9e8,0x0000000084e80000)
 Metaspace       used 34338K, capacity 36038K, committed 36048K, reserved 1081344K
  class space    used 4467K, capacity 4782K, committed 4784K, reserved 1048576K
Event: 4.211 GC heap after
Heap after GC invocations=11 (full 2):
 PSYoungGen      total 246272K, used 0K [0x00000000d5f80000, 0x00000000ece00000, 0x0000000100000000)
  eden space 231936K, 0% used [0x00000000d5f80000,0x00000000d5f80000,0x00000000e4200000)
  from space 14336K, 0% used [0x00000000e4200000,0x00000000e4200000,0x00000000e5000000)
  to   space 14848K, 0% used [0x00000000ebf80000,0x00000000ebf80000,0x00000000ece00000)
 ParOldGen       total 66560K, used 15401K [0x0000000081e00000, 0x0000000085f00000, 0x00000000d5f80000)
  object space 66560K, 23% used [0x0000000081e00000,0x0000000082d0a728,0x0000000085f00000)
 Metaspace       used 34338K, capacity 36038K, committed 36048K, reserved 1081344K
  class space    used 4467K, capacity 4782K, committed 4784K, reserved 1048576K
}
Event: 7.347 GC heap before
{Heap before GC invocations=12 (full 2):
 PSYoungGen      total 246272K, used 231936K [0x00000000d5f80000, 0x00000000ece00000, 0x0000000100000000)
  eden space 231936K, 100% used [0x00000000d5f80000,0x00000000e4200000,0x00000000e4200000)
  from space 14336K, 0% used [0x00000000e4200000,0x00000000e4200000,0x00000000e5000000)
  to   space 14848K, 0% used [0x00000000ebf80000,0x00000000ebf80000,0x00000000ece00000)
 ParOldGen       total 66560K, used 15401K [0x0000000081e00000, 0x0000000085f00000, 0x00000000d5f80000)
  object space 66560K, 23% used [0x0000000081e00000,0x0000000082d0a728,0x0000000085f00000)
 Metaspace       used 55108K, capacity 57582K, committed 57724K, reserved 1099776K
  class space    used 7608K, capacity 8059K, committed 8112K, reserved 1048576K
Event: 7.369 GC heap after
Heap after GC invocations=12 (full 2):
 PSYoungGen      total 354816K, used 14842K [0x00000000d5f80000, 0x00000000ed500000, 0x0000000100000000)
  eden space 339968K, 0% used [0x00000000d5f80000,0x00000000d5f80000,0x00000000eab80000)
  from space 14848K, 99% used [0x00000000ebf80000,0x00000000ecdfeb58,0x00000000ece00000)
  to   space 20480K, 0% used [0x00000000eab80000,0x00000000eab80000,0x00000000ebf80000)
 ParOldGen       total 66560K, used 24436K [0x0000000081e00000, 0x0000000085f00000, 0x00000000d5f80000)
  object space 66560K, 36% used [0x0000000081e00000,0x00000000835dd0c0,0x0000000085f00000)
 Metaspace       used 55108K, capacity 57582K, committed 57724K, reserved 1099776K
  class space    used 7608K, capacity 8059K, committed 8112K, reserved 1048576K
}
Event: 7.967 GC heap before
{Heap before GC invocations=13 (full 2):
 PSYoungGen      total 354816K, used 68571K [0x00000000d5f80000, 0x00000000ed500000, 0x0000000100000000)
  eden space 339968K, 15% used [0x00000000d5f80000,0x00000000d93f8410,0x00000000eab80000)
  from space 14848K, 99% used [0x00000000ebf80000,0x00000000ecdfeb58,0x00000000ece00000)
  to   space 20480K, 0% used [0x00000000eab80000,0x00000000eab80000,0x00000000ebf80000)
 ParOldGen       total 66560K, used 24436K [0x0000000081e00000, 0x0000000085f00000, 0x00000000d5f80000)
  object space 66560K, 36% used [0x0000000081e00000,0x00000000835dd0c0,0x0000000085f00000)
 Metaspace       used 57282K, capacity 60022K, committed 60080K, reserved 1101824K
  class space    used 7902K, capacity 8397K, committed 8420K, reserved 1048576K
Event: 7.979 GC heap after
Heap after GC invocations=13 (full 2):
 PSYoungGen      total 360448K, used 3832K [0x00000000d5f80000, 0x00000000f6880000, 0x0000000100000000)
  eden space 339968K, 0% used [0x00000000d5f80000,0x00000000d5f80000,0x00000000eab80000)
  from space 20480K, 18% used [0x00000000eab80000,0x00000000eaf3e298,0x00000000ebf80000)
  to   space 19968K, 0% used [0x00000000f5500000,0x00000000f5500000,0x00000000f6880000)
 ParOldGen       total 66560K, used 32753K [0x0000000081e00000, 0x0000000085f00000, 0x00000000d5f80000)
  object space 66560K, 49% used [0x0000000081e00000,0x0000000083dfc538,0x0000000085f00000)
 Metaspace       used 57282K, capacity 60022K, committed 60080K, reserved 1101824K
  class space    used 7902K, capacity 8397K, committed 8420K, reserved 1048576K
}
Event: 7.979 GC heap before
{Heap before GC invocations=14 (full 3):
 PSYoungGen      total 360448K, used 3832K [0x00000000d5f80000, 0x00000000f6880000, 0x0000000100000000)
  eden space 339968K, 0% used [0x00000000d5f80000,0x00000000d5f80000,0x00000000eab80000)
  from space 20480K, 18% used [0x00000000eab80000,0x00000000eaf3e298,0x00000000ebf80000)
  to   space 19968K, 0% used [0x00000000f5500000,0x00000000f5500000,0x00000000f6880000)
 ParOldGen       total 66560K, used 32753K [0x0000000081e00000, 0x0000000085f00000, 0x00000000d5f80000)
  object space 66560K, 49% used [0x0000000081e00000,0x0000000083dfc538,0x0000000085f00000)
 Metaspace       used 57282K, capacity 60022K, committed 60080K, reserved 1101824K
  class space    used 7902K, capacity 8397K, committed 8420K, reserved 1048576K
Event: 8.124 GC heap after
Heap after GC invocations=14 (full 3):
 PSYoungGen      total 360448K, used 0K [0x00000000d5f80000, 0x00000000f6880000, 0x0000000100000000)
  eden space 339968K, 0% used [0x00000000d5f80000,0x00000000d5f80000,0x00000000eab80000)
  from space 20480K, 0% used [0x00000000eab80000,0x00000000eab80000,0x00000000ebf80000)
  to   space 19968K, 0% used [0x00000000f5500000,0x00000000f5500000,0x00000000f6880000)
 ParOldGen       total 66560K, used 26183K [0x0000000081e00000, 0x0000000085f00000, 0x00000000d5f80000)
  object space 66560K, 39% used [0x0000000081e00000,0x0000000083791dd8,0x0000000085f00000)
 Metaspace       used 57278K, capacity 60016K, committed 60080K, reserved 1101824K
  class space    used 7901K, capacity 8396K, committed 8420K, reserved 1048576K
}

