# JRE version: Java(TM) SE Runtime Environment (8.0_211-b12) (build 1.8.0_211-b12)
# Java VM: Java HotSpot(TM) 64-Bit Server VM (25.211-b12 mixed mode windows-amd64 compressed oops)
Heap:
 PSYoungGen      total 168448K, used 143936K [0x00000000d5f80000, 0x00000000e3b80000, 0x0000000100000000)
  eden space 154112K, 84% used [0x00000000d5f80000,0x00000000ddf1b588,0x00000000df600000)
  from space 14336K, 92% used [0x00000000df600000,0x00000000e02f4bd0,0x00000000e0400000)
  to   space 16384K, 0% used [0x00000000e2b80000,0x00000000e2b80000,0x00000000e3b80000)
 ParOldGen       total 94208K, used 17390K [0x0000000081e00000, 0x0000000087a00000, 0x00000000d5f80000)
  object space 94208K, 18% used [0x0000000081e00000,0x0000000082efb8c8,0x0000000087a00000)
 Metaspace       used 55586K, capacity 58216K, committed 58368K, reserved 1099776K
  class space    used 7675K, capacity 8172K, committed 8192K, reserved 1048576K
GC Heap History (10 events):
Event: 1.457 GC heap before
{Heap before GC invocations=7 (full 1):
 PSYoungGen      total 71680K, used 66560K [0x00000000d5f80000, 0x00000000df480000, 0x0000000100000000)
  eden space 66560K, 100% used [0x00000000d5f80000,0x00000000da080000,0x00000000da080000)
  from space 5120K, 0% used [0x00000000da080000,0x00000000da080000,0x00000000da580000)
  to   space 9728K, 0% used [0x00000000deb00000,0x00000000deb00000,0x00000000df480000)
 ParOldGen       total 57856K, used 7179K [0x0000000081e00000, 0x0000000085680000, 0x00000000d5f80000)
  object space 57856K, 12% used [0x0000000081e00000,0x0000000082502cc8,0x0000000085680000)
 Metaspace       used 23644K, capacity 24420K, committed 24576K, reserved 1071104K
  class space    used 3061K, capacity 3259K, committed 3328K, reserved 1048576K
Event: 1.461 GC heap after
Heap after GC invocations=7 (full 1):
 PSYoungGen      total 107008K, used 3354K [0x00000000d5f80000, 0x00000000dee80000, 0x0000000100000000)
  eden space 103424K, 0% used [0x00000000d5f80000,0x00000000d5f80000,0x00000000dc480000)
  from space 3584K, 93% used [0x00000000deb00000,0x00000000dee46868,0x00000000dee80000)
  to   space 9728K, 0% used [0x00000000ddb80000,0x00000000ddb80000,0x00000000de500000)
 ParOldGen       total 57856K, used 7251K [0x0000000081e00000, 0x0000000085680000, 0x00000000d5f80000)
  object space 57856K, 12% used [0x0000000081e00000,0x0000000082514cd8,0x0000000085680000)
 Metaspace       used 23644K, capacity 24420K, committed 24576K, reserved 1071104K
  class space    used 3061K, capacity 3259K, committed 3328K, reserved 1048576K
}
Event: 2.444 GC heap before
{Heap before GC invocations=8 (full 1):
 PSYoungGen      total 107008K, used 106778K [0x00000000d5f80000, 0x00000000dee80000, 0x0000000100000000)
  eden space 103424K, 100% used [0x00000000d5f80000,0x00000000dc480000,0x00000000dc480000)
  from space 3584K, 93% used [0x00000000deb00000,0x00000000dee46868,0x00000000dee80000)
  to   space 9728K, 0% used [0x00000000ddb80000,0x00000000ddb80000,0x00000000de500000)
 ParOldGen       total 57856K, used 7251K [0x0000000081e00000, 0x0000000085680000, 0x00000000d5f80000)
  object space 57856K, 12% used [0x0000000081e00000,0x0000000082514cd8,0x0000000085680000)
 Metaspace       used 28240K, capacity 29370K, committed 29568K, reserved 1075200K
  class space    used 3720K, capacity 3959K, committed 3968K, reserved 1048576K
Event: 2.452 GC heap after
Heap after GC invocations=8 (full 1):
 PSYoungGen      total 136704K, used 9709K [0x00000000d5f80000, 0x00000000e1000000, 0x0000000100000000)
  eden space 126976K, 0% used [0x00000000d5f80000,0x00000000d5f80000,0x00000000ddb80000)
  from space 9728K, 99% used [0x00000000ddb80000,0x00000000de4fb6f8,0x00000000de500000)
  to   space 12288K, 0% used [0x00000000e0400000,0x00000000e0400000,0x00000000e1000000)
 ParOldGen       total 57856K, used 8917K [0x0000000081e00000, 0x0000000085680000, 0x00000000d5f80000)
  object space 57856K, 15% used [0x0000000081e00000,0x00000000826b5610,0x0000000085680000)
 Metaspace       used 28240K, capacity 29370K, committed 29568K, reserved 1075200K
  class space    used 3720K, capacity 3959K, committed 3968K, reserved 1048576K
}
Event: 3.414 GC heap before
{Heap before GC invocations=9 (full 1):
 PSYoungGen      total 136704K, used 113312K [0x00000000d5f80000, 0x00000000e1000000, 0x0000000100000000)
  eden space 126976K, 81% used [0x00000000d5f80000,0x00000000dc4acae8,0x00000000ddb80000)
  from space 9728K, 99% used [0x00000000ddb80000,0x00000000de4fb6f8,0x00000000de500000)
  to   space 12288K, 0% used [0x00000000e0400000,0x00000000e0400000,0x00000000e1000000)
 ParOldGen       total 57856K, used 8917K [0x0000000081e00000, 0x0000000085680000, 0x00000000d5f80000)
  object space 57856K, 15% used [0x0000000081e00000,0x00000000826b5610,0x0000000085680000)
 Metaspace       used 33747K, capacity 35412K, committed 35456K, reserved 1079296K
  class space    used 4407K, capacity 4709K, committed 4736K, reserved 1048576K
Event: 3.423 GC heap after
Heap after GC invocations=9 (full 1):
 PSYoungGen      total 166400K, used 12258K [0x00000000d5f80000, 0x00000000e3200000, 0x0000000100000000)
  eden space 154112K, 0% used [0x00000000d5f80000,0x00000000d5f80000,0x00000000df600000)
  from space 12288K, 99% used [0x00000000e0400000,0x00000000e0ff8820,0x00000000e1000000)
  to   space 14336K, 0% used [0x00000000df600000,0x00000000df600000,0x00000000e0400000)
 ParOldGen       total 57856K, used 9944K [0x0000000081e00000, 0x0000000085680000, 0x00000000d5f80000)
  object space 57856K, 17% used [0x0000000081e00000,0x00000000827b6320,0x0000000085680000)
 Metaspace       used 33747K, capacity 35412K, committed 35456K, reserved 1079296K
  class space    used 4407K, capacity 4709K, committed 4736K, reserved 1048576K
}
Event: 3.423 GC heap before
{Heap before GC invocations=10 (full 2):
 PSYoungGen      total 166400K, used 12258K [0x00000000d5f80000, 0x00000000e3200000, 0x0000000100000000)
  eden space 154112K, 0% used [0x00000000d5f80000,0x00000000d5f80000,0x00000000df600000)
  from space 12288K, 99% used [0x00000000e0400000,0x00000000e0ff8820,0x00000000e1000000)
  to   space 14336K, 0% used [0x00000000df600000,0x00000000df600000,0x00000000e0400000)
 ParOldGen       total 57856K, used 9944K [0x0000000081e00000, 0x0000000085680000, 0x00000000d5f80000)
  object space 57856K, 17% used [0x0000000081e00000,0x00000000827b6320,0x0000000085680000)
 Metaspace       used 33747K, capacity 35412K, committed 35456K, reserved 1079296K
  class space    used 4407K, capacity 4709K, committed 4736K, reserved 1048576K
Event: 3.477 GC heap after
Heap after GC invocations=10 (full 2):
 PSYoungGen      total 166400K, used 0K [0x00000000d5f80000, 0x00000000e3200000, 0x0000000100000000)
  eden space 154112K, 0% used [0x00000000d5f80000,0x00000000d5f80000,0x00000000df600000)
  from space 12288K, 0% used [0x00000000e0400000,0x00000000e0400000,0x00000000e1000000)
  to   space 14336K, 0% used [0x00000000df600000,0x00000000df600000,0x00000000e0400000)
 ParOldGen       total 94208K, used 17382K [0x0000000081e00000, 0x0000000087a00000, 0x00000000d5f80000)
  object space 94208K, 18% used [0x0000000081e00000,0x0000000082ef98c8,0x0000000087a00000)
 Metaspace       used 33747K, capacity 35412K, committed 35456K, reserved 1079296K
  class space    used 4407K, capacity 4709K, committed 4736K, reserved 1048576K
}
Event: 4.979 GC heap before
{Heap before GC invocations=11 (full 2):
 PSYoungGen      total 166400K, used 154112K [0x00000000d5f80000, 0x00000000e3200000, 0x0000000100000000)
  eden space 154112K, 100% used [0x00000000d5f80000,0x00000000df600000,0x00000000df600000)
  from space 12288K, 0% used [0x00000000e0400000,0x00000000e0400000,0x00000000e1000000)
  to   space 14336K, 0% used [0x00000000df600000,0x00000000df600000,0x00000000e0400000)
 ParOldGen       total 94208K, used 17382K [0x0000000081e00000, 0x0000000087a00000, 0x00000000d5f80000)
  object space 94208K, 18% used [0x0000000081e00000,0x0000000082ef98c8,0x0000000087a00000)
 Metaspace       used 44477K, capacity 46542K, committed 46848K, reserved 1089536K
  class space    used 5989K, capacity 6378K, committed 6400K, reserved 1048576K
Event: 4.990 GC heap after
Heap after GC invocations=11 (full 2):
 PSYoungGen      total 168448K, used 13266K [0x00000000d5f80000, 0x00000000e3b80000, 0x0000000100000000)
  eden space 154112K, 0% used [0x00000000d5f80000,0x00000000d5f80000,0x00000000df600000)
  from space 14336K, 92% used [0x00000000df600000,0x00000000e02f4bd0,0x00000000e0400000)
  to   space 16384K, 0% used [0x00000000e2b80000,0x00000000e2b80000,0x00000000e3b80000)
 ParOldGen       total 94208K, used 17390K [0x0000000081e00000, 0x0000000087a00000, 0x00000000d5f80000)
  object space 94208K, 18% used [0x0000000081e00000,0x0000000082efb8c8,0x0000000087a00000)
 Metaspace       used 44477K, capacity 46542K, committed 46848K, reserved 1089536K
  class space    used 5989K, capacity 6378K, committed 6400K, reserved 1048576K
}

