# JRE version: Java(TM) SE Runtime Environment (8.0_211-b12) (build 1.8.0_211-b12)
# Java VM: Java HotSpot(TM) 64-Bit Server VM (25.211-b12 mixed mode windows-amd64 compressed oops)
Heap:
 PSYoungGen      total 167424K, used 18948K [0x00000000d5f80000, 0x00000000e3200000, 0x0000000100000000)
  eden space 153088K, 3% used [0x00000000d5f80000,0x00000000d64fd2b0,0x00000000df500000)
  from space 14336K, 92% used [0x00000000df500000,0x00000000e0203e00,0x00000000e0300000)
  to   space 12288K, 0% used [0x00000000e0300000,0x00000000e0300000,0x00000000e0f00000)
 ParOldGen       total 58880K, used 17385K [0x0000000081e00000, 0x0000000085780000, 0x00000000d5f80000)
  object space 58880K, 29% used [0x0000000081e00000,0x0000000082efa7d0,0x0000000085780000)
 Metaspace       used 44500K, capacity 46464K, committed 46848K, reserved 1089536K
  class space    used 5988K, capacity 6350K, committed 6400K, reserved 1048576K
GC Heap History (10 events):
Event: 1.757 GC heap before
{Heap before GC invocations=7 (full 1):
 PSYoungGen      total 71680K, used 66560K [0x00000000d5f80000, 0x00000000df480000, 0x0000000100000000)
  eden space 66560K, 100% used [0x00000000d5f80000,0x00000000da080000,0x00000000da080000)
  from space 5120K, 0% used [0x00000000da080000,0x00000000da080000,0x00000000da580000)
  to   space 9728K, 0% used [0x00000000deb00000,0x00000000deb00000,0x00000000df480000)
 ParOldGen       total 58880K, used 7304K [0x0000000081e00000, 0x0000000085780000, 0x00000000d5f80000)
  object space 58880K, 12% used [0x0000000081e00000,0x00000000825220f0,0x0000000085780000)
 Metaspace       used 23721K, capacity 24500K, committed 24576K, reserved 1071104K
  class space    used 3065K, capacity 3262K, committed 3328K, reserved 1048576K
Event: 1.764 GC heap after
Heap after GC invocations=7 (full 1):
 PSYoungGen      total 106496K, used 3462K [0x00000000d5f80000, 0x00000000dee80000, 0x0000000100000000)
  eden space 102912K, 0% used [0x00000000d5f80000,0x00000000d5f80000,0x00000000dc400000)
  from space 3584K, 96% used [0x00000000deb00000,0x00000000dee61868,0x00000000dee80000)
  to   space 9728K, 0% used [0x00000000ddb80000,0x00000000ddb80000,0x00000000de500000)
 ParOldGen       total 58880K, used 7312K [0x0000000081e00000, 0x0000000085780000, 0x00000000d5f80000)
  object space 58880K, 12% used [0x0000000081e00000,0x00000000825240f0,0x0000000085780000)
 Metaspace       used 23721K, capacity 24500K, committed 24576K, reserved 1071104K
  class space    used 3065K, capacity 3262K, committed 3328K, reserved 1048576K
}
Event: 2.926 GC heap before
{Heap before GC invocations=8 (full 1):
 PSYoungGen      total 106496K, used 106374K [0x00000000d5f80000, 0x00000000dee80000, 0x0000000100000000)
  eden space 102912K, 100% used [0x00000000d5f80000,0x00000000dc400000,0x00000000dc400000)
  from space 3584K, 96% used [0x00000000deb00000,0x00000000dee61868,0x00000000dee80000)
  to   space 9728K, 0% used [0x00000000ddb80000,0x00000000ddb80000,0x00000000de500000)
 ParOldGen       total 58880K, used 7312K [0x0000000081e00000, 0x0000000085780000, 0x00000000d5f80000)
  object space 58880K, 12% used [0x0000000081e00000,0x00000000825240f0,0x0000000085780000)
 Metaspace       used 28326K, capacity 29454K, committed 29568K, reserved 1075200K
  class space    used 3725K, capacity 3962K, committed 3968K, reserved 1048576K
Event: 2.939 GC heap after
Heap after GC invocations=8 (full 1):
 PSYoungGen      total 136704K, used 9716K [0x00000000d5f80000, 0x00000000e0f00000, 0x0000000100000000)
  eden space 126976K, 0% used [0x00000000d5f80000,0x00000000d5f80000,0x00000000ddb80000)
  from space 9728K, 99% used [0x00000000ddb80000,0x00000000de4fd0c8,0x00000000de500000)
  to   space 12288K, 0% used [0x00000000e0300000,0x00000000e0300000,0x00000000e0f00000)
 ParOldGen       total 58880K, used 8948K [0x0000000081e00000, 0x0000000085780000, 0x00000000d5f80000)
  object space 58880K, 15% used [0x0000000081e00000,0x00000000826bd340,0x0000000085780000)
 Metaspace       used 28326K, capacity 29454K, committed 29568K, reserved 1075200K
  class space    used 3725K, capacity 3962K, committed 3968K, reserved 1048576K
}
Event: 4.204 GC heap before
{Heap before GC invocations=9 (full 1):
 PSYoungGen      total 136704K, used 112513K [0x00000000d5f80000, 0x00000000e0f00000, 0x0000000100000000)
  eden space 126976K, 80% used [0x00000000d5f80000,0x00000000dc3e3430,0x00000000ddb80000)
  from space 9728K, 99% used [0x00000000ddb80000,0x00000000de4fd0c8,0x00000000de500000)
  to   space 12288K, 0% used [0x00000000e0300000,0x00000000e0300000,0x00000000e0f00000)
 ParOldGen       total 58880K, used 8948K [0x0000000081e00000, 0x0000000085780000, 0x00000000d5f80000)
  object space 58880K, 15% used [0x0000000081e00000,0x00000000826bd340,0x0000000085780000)
 Metaspace       used 33700K, capacity 35354K, committed 35456K, reserved 1079296K
  class space    used 4400K, capacity 4711K, committed 4736K, reserved 1048576K
Event: 4.214 GC heap after
Heap after GC invocations=9 (full 1):
 PSYoungGen      total 165376K, used 12285K [0x00000000d5f80000, 0x00000000e3200000, 0x0000000100000000)
  eden space 153088K, 0% used [0x00000000d5f80000,0x00000000d5f80000,0x00000000df500000)
  from space 12288K, 99% used [0x00000000e0300000,0x00000000e0eff7b8,0x00000000e0f00000)
  to   space 14336K, 0% used [0x00000000df500000,0x00000000df500000,0x00000000e0300000)
 ParOldGen       total 58880K, used 9966K [0x0000000081e00000, 0x0000000085780000, 0x00000000d5f80000)
  object space 58880K, 16% used [0x0000000081e00000,0x00000000827bbac0,0x0000000085780000)
 Metaspace       used 33700K, capacity 35354K, committed 35456K, reserved 1079296K
  class space    used 4400K, capacity 4711K, committed 4736K, reserved 1048576K
}
Event: 4.215 GC heap before
{Heap before GC invocations=10 (full 2):
 PSYoungGen      total 165376K, used 12285K [0x00000000d5f80000, 0x00000000e3200000, 0x0000000100000000)
  eden space 153088K, 0% used [0x00000000d5f80000,0x00000000d5f80000,0x00000000df500000)
  from space 12288K, 99% used [0x00000000e0300000,0x00000000e0eff7b8,0x00000000e0f00000)
  to   space 14336K, 0% used [0x00000000df500000,0x00000000df500000,0x00000000e0300000)
 ParOldGen       total 58880K, used 9966K [0x0000000081e00000, 0x0000000085780000, 0x00000000d5f80000)
  object space 58880K, 16% used [0x0000000081e00000,0x00000000827bbac0,0x0000000085780000)
 Metaspace       used 33700K, capacity 35354K, committed 35456K, reserved 1079296K
  class space    used 4400K, capacity 4711K, committed 4736K, reserved 1048576K
Event: 4.276 GC heap after
Heap after GC invocations=10 (full 2):
 PSYoungGen      total 165376K, used 0K [0x00000000d5f80000, 0x00000000e3200000, 0x0000000100000000)
  eden space 153088K, 0% used [0x00000000d5f80000,0x00000000d5f80000,0x00000000df500000)
  from space 12288K, 0% used [0x00000000e0300000,0x00000000e0300000,0x00000000e0f00000)
  to   space 14336K, 0% used [0x00000000df500000,0x00000000df500000,0x00000000e0300000)
 ParOldGen       total 58880K, used 17377K [0x0000000081e00000, 0x0000000085780000, 0x00000000d5f80000)
  object space 58880K, 29% used [0x0000000081e00000,0x0000000082ef87d0,0x0000000085780000)
 Metaspace       used 33700K, capacity 35354K, committed 35456K, reserved 1079296K
  class space    used 4400K, capacity 4711K, committed 4736K, reserved 1048576K
}
Event: 6.238 GC heap before
{Heap before GC invocations=11 (full 2):
 PSYoungGen      total 165376K, used 153088K [0x00000000d5f80000, 0x00000000e3200000, 0x0000000100000000)
  eden space 153088K, 100% used [0x00000000d5f80000,0x00000000df500000,0x00000000df500000)
  from space 12288K, 0% used [0x00000000e0300000,0x00000000e0300000,0x00000000e0f00000)
  to   space 14336K, 0% used [0x00000000df500000,0x00000000df500000,0x00000000e0300000)
 ParOldGen       total 58880K, used 17377K [0x0000000081e00000, 0x0000000085780000, 0x00000000d5f80000)
  object space 58880K, 29% used [0x0000000081e00000,0x0000000082ef87d0,0x0000000085780000)
 Metaspace       used 44342K, capacity 46388K, committed 46592K, reserved 1089536K
  class space    used 5968K, capacity 6348K, committed 6400K, reserved 1048576K
Event: 6.257 GC heap after
Heap after GC invocations=11 (full 2):
 PSYoungGen      total 167424K, used 13327K [0x00000000d5f80000, 0x00000000e3200000, 0x0000000100000000)
  eden space 153088K, 0% used [0x00000000d5f80000,0x00000000d5f80000,0x00000000df500000)
  from space 14336K, 92% used [0x00000000df500000,0x00000000e0203e00,0x00000000e0300000)
  to   space 12288K, 0% used [0x00000000e0300000,0x00000000e0300000,0x00000000e0f00000)
 ParOldGen       total 58880K, used 17385K [0x0000000081e00000, 0x0000000085780000, 0x00000000d5f80000)
  object space 58880K, 29% used [0x0000000081e00000,0x0000000082efa7d0,0x0000000085780000)
 Metaspace       used 44342K, capacity 46388K, committed 46592K, reserved 1089536K
  class space    used 5968K, capacity 6348K, committed 6400K, reserved 1048576K
}

